2024-11-13 23:58:48,970 - INFO - Generation 1:
2024-11-13 23:59:24,166 - INFO - Stats for Generation 1:
2024-11-13 23:59:24,166 - INFO - 	Best:   0.158915333219876
2024-11-13 23:59:24,166 - INFO - 	Median: 0.008868197423195136
2024-11-13 23:59:24,166 - INFO - 	Mean:   0.01963922841352046
2024-11-13 23:59:24,166 - INFO - 	Std:    0.026372277422056216
2024-11-13 23:59:24,166 - INFO - Generation 1 took 35.20 seconds
2024-11-13 23:59:24,166 - INFO - Generation 2:
2024-11-13 23:59:57,876 - INFO - Stats for Generation 2:
2024-11-13 23:59:57,876 - INFO - 	Best:   0.12380138036917034
2024-11-13 23:59:57,876 - INFO - 	Median: 0.008868197423195136
2024-11-13 23:59:57,876 - INFO - 	Mean:   0.019352007735548512
2024-11-13 23:59:57,876 - INFO - 	Std:    0.02691901803929799
2024-11-13 23:59:57,876 - INFO - Generation 2 took 33.71 seconds
2024-11-13 23:59:57,876 - INFO - Generation 3:
2024-11-14 00:00:33,023 - INFO - Stats for Generation 3:
2024-11-14 00:00:33,023 - INFO - 	Best:   0.10514093220093738
2024-11-14 00:00:33,023 - INFO - 	Median: 0.008868197423195136
2024-11-14 00:00:33,023 - INFO - 	Mean:   0.019823050061064596
2024-11-14 00:00:33,023 - INFO - 	Std:    0.026863885833408246
2024-11-14 00:00:33,023 - INFO - Generation 3 took 35.15 seconds
2024-11-14 00:00:33,023 - INFO - Generation 4:
2024-11-14 00:01:10,487 - INFO - Stats for Generation 4:
2024-11-14 00:01:10,487 - INFO - 	Best:   0.158915333219876
2024-11-14 00:01:10,487 - INFO - 	Median: 0.008868197423195136
2024-11-14 00:01:10,487 - INFO - 	Mean:   0.020357530769811373
2024-11-14 00:01:10,487 - INFO - 	Std:    0.028640301684732465
2024-11-14 00:01:10,487 - INFO - Generation 4 took 37.46 seconds
2024-11-14 00:01:10,487 - INFO - Generation 5:
